Build started 10/20/2017 4:50:25 PM.
     1>Project "C:\Users\Darrel\Documents\Haptic_BMI_Noise_Project\Haptic_BMI_Noise_2\Project_2\Project_2\Project_2.vcxproj" on node 3 (build target(s)).
     1>InitializeBuildStatus:
         Creating "Release\Project_2.unsuccessfulbuild" because "AlwaysCreate" was specified.
       ClCompile:
         c:\Program Files (x86)\Microsoft Visual Studio 10.0\VC\bin\CL.exe /c /I../../external/CHAI3D/external/Eigen /I../../external/CHAI3D/src /I../../external/CHAI3D/external/glew/include /I../../external/CHAI3D/extras/freeglut/include /Zi /nologo /W3 /WX- /O2 /Oi /Oy- /GL /D WIN32 /D _MBCS /Gm- /EHsc /MD /GS /Gy /fp:precise /Zc:wchar_t /Zc:forScope /Fo"Release\\" /Fd"Release\vc100.pdb" /Gd /TP /analyze- /errorReport:prompt source\data.cpp source\experiment.cpp source\graphics.cpp source\Joystick.cpp source\Main.cpp source\Phantom.cpp
         data.cpp
     1>source\data.cpp(2): fatal error C1083: Cannot open include file: 'data.h': No such file or directory
         experiment.cpp
     1>source\experiment.cpp(2): fatal error C1083: Cannot open include file: 'experiment.h': No such file or directory
         graphics.cpp
         Joystick.cpp
     1>source\Joystick.cpp(1): fatal error C1083: Cannot open include file: 'Joystick.h': No such file or directory
         Main.cpp
     1>source\Main.cpp(195): fatal error C1083: Cannot open include file: 'Phantom.h': No such file or directory
         Phantom.cpp
     1>source\Phantom.cpp(2): fatal error C1083: Cannot open include file: 'Phantom.h': No such file or directory
     1>Done Building Project "C:\Users\Darrel\Documents\Haptic_BMI_Noise_Project\Haptic_BMI_Noise_2\Project_2\Project_2\Project_2.vcxproj" (build target(s)) -- FAILED.

Build FAILED.

Time Elapsed 00:00:00.47
