Build started 11/27/2017 6:04:47 PM.
     1>Project "C:\Users\Darrel\Documents\Haptic_BMI_Noise_Project\Haptic_BMI_Noise_2\Project_2\Project_2\Project_2.vcxproj" on node 3 (build target(s)).
     1>InitializeBuildStatus:
         Creating "Debug\Project_2.unsuccessfulbuild" because "AlwaysCreate" was specified.
       ClCompile:
         c:\Program Files (x86)\Microsoft Visual Studio 10.0\VC\bin\CL.exe /c /IC:\Users\Darrel\Documents\Haptic_BMI_Noise_Project\Haptic_BMI_Noise_2\Project_2\Project_2\include /I../../external/CHAI3D/external/Eigen /I../../external/CHAI3D/src /I../../external/CHAI3D/external/glew/include /I../../external/CHAI3D/extras/freeglut/include /ZI /nologo /W3 /WX- /Od /Oy- /D WIN32 /D _MBCS /Gm /EHsc /RTC1 /MDd /GS /fp:precise /Zc:wchar_t /Zc:forScope /Fo"Debug\\" /Fd"Debug\vc100.pdb" /Gd /TP /analyze- /errorReport:prompt source\experiment.cpp source\graphics.cpp
         graphics.cpp
     1>c:\users\darrel\documents\haptic_bmi_noise_project\haptic_bmi_noise_2\external\chai3d-3.0.0\src\math\cvector3d.h(352): warning C4996: 'sscanf': This function or variable may be unsafe. Consider using sscanf_s instead. To disable deprecation, use _CRT_SECURE_NO_WARNINGS. See online help for details.
                 c:\program files (x86)\microsoft visual studio 10.0\vc\include\stdio.h(325) : see declaration of 'sscanf'
     1>c:\users\darrel\documents\haptic_bmi_noise_project\haptic_bmi_noise_2\project_2\project_2\include\ul.h(107): warning C4005: 'WIN32_LEAN_AND_MEAN' : macro redefinition
                 c:\users\darrel\documents\haptic_bmi_noise_project\haptic_bmi_noise_2\external\chai3d-3.0.0\extras\freeglut\include\gl\freeglut_std.h(58) : see previous definition of 'WIN32_LEAN_AND_MEAN'
     1>c:\users\darrel\documents\haptic_bmi_noise_project\haptic_bmi_noise_2\project_2\project_2\include\ul.h(552): warning C4996: 'strcpy': This function or variable may be unsafe. Consider using strcpy_s instead. To disable deprecation, use _CRT_SECURE_NO_WARNINGS. See online help for details.
                 c:\program files (x86)\microsoft visual studio 10.0\vc\include\string.h(105) : see declaration of 'strcpy'
     1>c:\users\darrel\documents\haptic_bmi_noise_project\haptic_bmi_noise_2\project_2\project_2\include\ul.h(553): warning C4996: 'strcat': This function or variable may be unsafe. Consider using strcat_s instead. To disable deprecation, use _CRT_SECURE_NO_WARNINGS. See online help for details.
                 c:\program files (x86)\microsoft visual studio 10.0\vc\include\string.h(110) : see declaration of 'strcat'
         experiment.cpp
     1>c:\users\darrel\documents\haptic_bmi_noise_project\haptic_bmi_noise_2\external\chai3d-3.0.0\src\math\cvector3d.h(352): warning C4996: 'sscanf': This function or variable may be unsafe. Consider using sscanf_s instead. To disable deprecation, use _CRT_SECURE_NO_WARNINGS. See online help for details.
                 c:\program files (x86)\microsoft visual studio 10.0\vc\include\stdio.h(325) : see declaration of 'sscanf'
     1>c:\users\darrel\documents\haptic_bmi_noise_project\haptic_bmi_noise_2\project_2\project_2\include\ul.h(552): warning C4996: 'strcpy': This function or variable may be unsafe. Consider using strcpy_s instead. To disable deprecation, use _CRT_SECURE_NO_WARNINGS. See online help for details.
                 c:\program files (x86)\microsoft visual studio 10.0\vc\include\string.h(105) : see declaration of 'strcpy'
     1>c:\users\darrel\documents\haptic_bmi_noise_project\haptic_bmi_noise_2\project_2\project_2\include\ul.h(553): warning C4996: 'strcat': This function or variable may be unsafe. Consider using strcat_s instead. To disable deprecation, use _CRT_SECURE_NO_WARNINGS. See online help for details.
                 c:\program files (x86)\microsoft visual studio 10.0\vc\include\string.h(110) : see declaration of 'strcat'
     1>c:\users\darrel\documents\haptic_bmi_noise_project\haptic_bmi_noise_2\project_2\project_2\source\experiment.cpp(78): warning C4996: 'sprintf': This function or variable may be unsafe. Consider using sprintf_s instead. To disable deprecation, use _CRT_SECURE_NO_WARNINGS. See online help for details.
                 c:\program files (x86)\microsoft visual studio 10.0\vc\include\stdio.h(371) : see declaration of 'sprintf'
     1>c:\users\darrel\documents\haptic_bmi_noise_project\haptic_bmi_noise_2\project_2\project_2\source\experiment.cpp(79): warning C4996: 'fopen': This function or variable may be unsafe. Consider using fopen_s instead. To disable deprecation, use _CRT_SECURE_NO_WARNINGS. See online help for details.
                 c:\program files (x86)\microsoft visual studio 10.0\vc\include\stdio.h(234) : see declaration of 'fopen'
         Generating Code...
       Link:
         c:\Program Files (x86)\Microsoft Visual Studio 10.0\VC\bin\link.exe /ERRORREPORT:PROMPT /OUT:"../../bin/win-Win32\Project_2.exe" /NOLOGO /LIBPATH:"C:\Users\Darrel\Documents\Haptic_BMI_Noise_Project\Haptic_BMI_Noise_2\external\chai3d-3.0.0\extras\freeglut\lib\Debug\Win32" /LIBPATH:C:\Users\Darrel\Documents\Haptic_BMI_Noise_Project\Haptic_BMI_Noise_2\Project_2\Project_2\libs /LIBPATH:"C:\Users\Darrel\Documents\Haptic_BMI_Noise_Project\Haptic_BMI_Noise_2\external\chai3d-3.0.0\lib\Debug\Win32" chai3d.lib freeglut.lib js.lib ul.lib kernel32.lib user32.lib gdi32.lib winspool.lib comdlg32.lib advapi32.lib shell32.lib ole32.lib oleaut32.lib uuid.lib odbc32.lib odbccp32.lib /MANIFEST /ManifestFile:"Debug\Project_2.exe.intermediate.manifest" /MANIFESTUAC:"level='asInvoker' uiAccess='false'" /DEBUG /PDB:"C:\Users\Darrel\Documents\Haptic_BMI_Noise_Project\Haptic_BMI_Noise_2\bin\win-Win32\Project_2.pdb" /SUBSYSTEM:CONSOLE /TLBID:1 /DYNAMICBASE /NXCOMPAT /IMPLIB:"../../bin/win-Win32\Project_2.lib" /MACHINE:X86 Debug\data.obj
         Debug\experiment.obj
         Debug\graphics.obj
         Debug\Joystick.obj
         Debug\Main.obj
         Debug\Phantom.obj
         Debug\ziggurat.obj
         LINK : ../../bin/win-Win32\Project_2.exe not found or not built by the last incremental link; performing full link
     1>chai3d.lib(dgif_lib.obj) : warning LNK4099: PDB 'vc90.pdb' was not found with 'chai3d.lib(dgif_lib.obj)' or at 'C:\Users\Darrel\Documents\Haptic_BMI_Noise_Project\Haptic_BMI_Noise_2\bin\win-Win32\vc90.pdb'; linking object as if no debug info
     1>chai3d.lib(egif_lib.obj) : warning LNK4099: PDB 'vc90.pdb' was not found with 'chai3d.lib(egif_lib.obj)' or at 'C:\Users\Darrel\Documents\Haptic_BMI_Noise_Project\Haptic_BMI_Noise_2\bin\win-Win32\vc90.pdb'; linking object as if no debug info
     1>chai3d.lib(gifalloc.obj) : warning LNK4099: PDB 'vc90.pdb' was not found with 'chai3d.lib(gifalloc.obj)' or at 'C:\Users\Darrel\Documents\Haptic_BMI_Noise_Project\Haptic_BMI_Noise_2\bin\win-Win32\vc90.pdb'; linking object as if no debug info
     1>chai3d.lib(gif_err.obj) : warning LNK4099: PDB 'vc90.pdb' was not found with 'chai3d.lib(gif_err.obj)' or at 'C:\Users\Darrel\Documents\Haptic_BMI_Noise_Project\Haptic_BMI_Noise_2\bin\win-Win32\vc90.pdb'; linking object as if no debug info
     1>chai3d.lib(gif_hash.obj) : warning LNK4099: PDB 'vc90.pdb' was not found with 'chai3d.lib(gif_hash.obj)' or at 'C:\Users\Darrel\Documents\Haptic_BMI_Noise_Project\Haptic_BMI_Noise_2\bin\win-Win32\vc90.pdb'; linking object as if no debug info
     1>chai3d.lib(glew.obj) : warning LNK4099: PDB 'vc90.pdb' was not found with 'chai3d.lib(glew.obj)' or at 'C:\Users\Darrel\Documents\Haptic_BMI_Noise_Project\Haptic_BMI_Noise_2\bin\win-Win32\vc90.pdb'; linking object as if no debug info
     1>chai3d.lib(lib3ds_atmosphere.obj) : warning LNK4099: PDB 'vc90.pdb' was not found with 'chai3d.lib(lib3ds_atmosphere.obj)' or at 'C:\Users\Darrel\Documents\Haptic_BMI_Noise_Project\Haptic_BMI_Noise_2\bin\win-Win32\vc90.pdb'; linking object as if no debug info
     1>chai3d.lib(lib3ds_background.obj) : warning LNK4099: PDB 'vc90.pdb' was not found with 'chai3d.lib(lib3ds_background.obj)' or at 'C:\Users\Darrel\Documents\Haptic_BMI_Noise_Project\Haptic_BMI_Noise_2\bin\win-Win32\vc90.pdb'; linking object as if no debug info
     1>chai3d.lib(lib3ds_camera.obj) : warning LNK4099: PDB 'vc90.pdb' was not found with 'chai3d.lib(lib3ds_camera.obj)' or at 'C:\Users\Darrel\Documents\Haptic_BMI_Noise_Project\Haptic_BMI_Noise_2\bin\win-Win32\vc90.pdb'; linking object as if no debug info
     1>chai3d.lib(lib3ds_chunk.obj) : warning LNK4099: PDB 'vc90.pdb' was not found with 'chai3d.lib(lib3ds_chunk.obj)' or at 'C:\Users\Darrel\Documents\Haptic_BMI_Noise_Project\Haptic_BMI_Noise_2\bin\win-Win32\vc90.pdb'; linking object as if no debug info
     1>chai3d.lib(lib3ds_chunktable.obj) : warning LNK4099: PDB 'vc90.pdb' was not found with 'chai3d.lib(lib3ds_chunktable.obj)' or at 'C:\Users\Darrel\Documents\Haptic_BMI_Noise_Project\Haptic_BMI_Noise_2\bin\win-Win32\vc90.pdb'; linking object as if no debug info
     1>chai3d.lib(lib3ds_file.obj) : warning LNK4099: PDB 'vc90.pdb' was not found with 'chai3d.lib(lib3ds_file.obj)' or at 'C:\Users\Darrel\Documents\Haptic_BMI_Noise_Project\Haptic_BMI_Noise_2\bin\win-Win32\vc90.pdb'; linking object as if no debug info
     1>chai3d.lib(lib3ds_io.obj) : warning LNK4099: PDB 'vc90.pdb' was not found with 'chai3d.lib(lib3ds_io.obj)' or at 'C:\Users\Darrel\Documents\Haptic_BMI_Noise_Project\Haptic_BMI_Noise_2\bin\win-Win32\vc90.pdb'; linking object as if no debug info
     1>chai3d.lib(lib3ds_light.obj) : warning LNK4099: PDB 'vc90.pdb' was not found with 'chai3d.lib(lib3ds_light.obj)' or at 'C:\Users\Darrel\Documents\Haptic_BMI_Noise_Project\Haptic_BMI_Noise_2\bin\win-Win32\vc90.pdb'; linking object as if no debug info
     1>chai3d.lib(lib3ds_material.obj) : warning LNK4099: PDB 'vc90.pdb' was not found with 'chai3d.lib(lib3ds_material.obj)' or at 'C:\Users\Darrel\Documents\Haptic_BMI_Noise_Project\Haptic_BMI_Noise_2\bin\win-Win32\vc90.pdb'; linking object as if no debug info
     1>chai3d.lib(lib3ds_math.obj) : warning LNK4099: PDB 'vc90.pdb' was not found with 'chai3d.lib(lib3ds_math.obj)' or at 'C:\Users\Darrel\Documents\Haptic_BMI_Noise_Project\Haptic_BMI_Noise_2\bin\win-Win32\vc90.pdb'; linking object as if no debug info
     1>chai3d.lib(lib3ds_matrix.obj) : warning LNK4099: PDB 'vc90.pdb' was not found with 'chai3d.lib(lib3ds_matrix.obj)' or at 'C:\Users\Darrel\Documents\Haptic_BMI_Noise_Project\Haptic_BMI_Noise_2\bin\win-Win32\vc90.pdb'; linking object as if no debug info
     1>chai3d.lib(lib3ds_mesh.obj) : warning LNK4099: PDB 'vc90.pdb' was not found with 'chai3d.lib(lib3ds_mesh.obj)' or at 'C:\Users\Darrel\Documents\Haptic_BMI_Noise_Project\Haptic_BMI_Noise_2\bin\win-Win32\vc90.pdb'; linking object as if no debug info
     1>chai3d.lib(lib3ds_node.obj) : warning LNK4099: PDB 'vc90.pdb' was not found with 'chai3d.lib(lib3ds_node.obj)' or at 'C:\Users\Darrel\Documents\Haptic_BMI_Noise_Project\Haptic_BMI_Noise_2\bin\win-Win32\vc90.pdb'; linking object as if no debug info
     1>chai3d.lib(lib3ds_quat.obj) : warning LNK4099: PDB 'vc90.pdb' was not found with 'chai3d.lib(lib3ds_quat.obj)' or at 'C:\Users\Darrel\Documents\Haptic_BMI_Noise_Project\Haptic_BMI_Noise_2\bin\win-Win32\vc90.pdb'; linking object as if no debug info
     1>chai3d.lib(lib3ds_shadow.obj) : warning LNK4099: PDB 'vc90.pdb' was not found with 'chai3d.lib(lib3ds_shadow.obj)' or at 'C:\Users\Darrel\Documents\Haptic_BMI_Noise_Project\Haptic_BMI_Noise_2\bin\win-Win32\vc90.pdb'; linking object as if no debug info
     1>chai3d.lib(lib3ds_track.obj) : warning LNK4099: PDB 'vc90.pdb' was not found with 'chai3d.lib(lib3ds_track.obj)' or at 'C:\Users\Darrel\Documents\Haptic_BMI_Noise_Project\Haptic_BMI_Noise_2\bin\win-Win32\vc90.pdb'; linking object as if no debug info
     1>chai3d.lib(lib3ds_util.obj) : warning LNK4099: PDB 'vc90.pdb' was not found with 'chai3d.lib(lib3ds_util.obj)' or at 'C:\Users\Darrel\Documents\Haptic_BMI_Noise_Project\Haptic_BMI_Noise_2\bin\win-Win32\vc90.pdb'; linking object as if no debug info
     1>chai3d.lib(lib3ds_vector.obj) : warning LNK4099: PDB 'vc90.pdb' was not found with 'chai3d.lib(lib3ds_vector.obj)' or at 'C:\Users\Darrel\Documents\Haptic_BMI_Noise_Project\Haptic_BMI_Noise_2\bin\win-Win32\vc90.pdb'; linking object as if no debug info
     1>chai3d.lib(lib3ds_viewport.obj) : warning LNK4099: PDB 'vc90.pdb' was not found with 'chai3d.lib(lib3ds_viewport.obj)' or at 'C:\Users\Darrel\Documents\Haptic_BMI_Noise_Project\Haptic_BMI_Noise_2\bin\win-Win32\vc90.pdb'; linking object as if no debug info
     1>chai3d.lib(jaricom.obj) : warning LNK4099: PDB 'vc90.pdb' was not found with 'chai3d.lib(jaricom.obj)' or at 'C:\Users\Darrel\Documents\Haptic_BMI_Noise_Project\Haptic_BMI_Noise_2\bin\win-Win32\vc90.pdb'; linking object as if no debug info
     1>chai3d.lib(jcapimin.obj) : warning LNK4099: PDB 'vc90.pdb' was not found with 'chai3d.lib(jcapimin.obj)' or at 'C:\Users\Darrel\Documents\Haptic_BMI_Noise_Project\Haptic_BMI_Noise_2\bin\win-Win32\vc90.pdb'; linking object as if no debug info
     1>chai3d.lib(jcapistd.obj) : warning LNK4099: PDB 'vc90.pdb' was not found with 'chai3d.lib(jcapistd.obj)' or at 'C:\Users\Darrel\Documents\Haptic_BMI_Noise_Project\Haptic_BMI_Noise_2\bin\win-Win32\vc90.pdb'; linking object as if no debug info
     1>chai3d.lib(jcarith.obj) : warning LNK4099: PDB 'vc90.pdb' was not found with 'chai3d.lib(jcarith.obj)' or at 'C:\Users\Darrel\Documents\Haptic_BMI_Noise_Project\Haptic_BMI_Noise_2\bin\win-Win32\vc90.pdb'; linking object as if no debug info
     1>chai3d.lib(jccoefct.obj) : warning LNK4099: PDB 'vc90.pdb' was not found with 'chai3d.lib(jccoefct.obj)' or at 'C:\Users\Darrel\Documents\Haptic_BMI_Noise_Project\Haptic_BMI_Noise_2\bin\win-Win32\vc90.pdb'; linking object as if no debug info
     1>chai3d.lib(jccolor.obj) : warning LNK4099: PDB 'vc90.pdb' was not found with 'chai3d.lib(jccolor.obj)' or at 'C:\Users\Darrel\Documents\Haptic_BMI_Noise_Project\Haptic_BMI_Noise_2\bin\win-Win32\vc90.pdb'; linking object as if no debug info
     1>chai3d.lib(jcdctmgr.obj) : warning LNK4099: PDB 'vc90.pdb' was not found with 'chai3d.lib(jcdctmgr.obj)' or at 'C:\Users\Darrel\Documents\Haptic_BMI_Noise_Project\Haptic_BMI_Noise_2\bin\win-Win32\vc90.pdb'; linking object as if no debug info
     1>chai3d.lib(jchuff.obj) : warning LNK4099: PDB 'vc90.pdb' was not found with 'chai3d.lib(jchuff.obj)' or at 'C:\Users\Darrel\Documents\Haptic_BMI_Noise_Project\Haptic_BMI_Noise_2\bin\win-Win32\vc90.pdb'; linking object as if no debug info
     1>chai3d.lib(jcinit.obj) : warning LNK4099: PDB 'vc90.pdb' was not found with 'chai3d.lib(jcinit.obj)' or at 'C:\Users\Darrel\Documents\Haptic_BMI_Noise_Project\Haptic_BMI_Noise_2\bin\win-Win32\vc90.pdb'; linking object as if no debug info
     1>chai3d.lib(jcmainct.obj) : warning LNK4099: PDB 'vc90.pdb' was not found with 'chai3d.lib(jcmainct.obj)' or at 'C:\Users\Darrel\Documents\Haptic_BMI_Noise_Project\Haptic_BMI_Noise_2\bin\win-Win32\vc90.pdb'; linking object as if no debug info
     1>chai3d.lib(jcmarker.obj) : warning LNK4099: PDB 'vc90.pdb' was not found with 'chai3d.lib(jcmarker.obj)' or at 'C:\Users\Darrel\Documents\Haptic_BMI_Noise_Project\Haptic_BMI_Noise_2\bin\win-Win32\vc90.pdb'; linking object as if no debug info
     1>chai3d.lib(jcmaster.obj) : warning LNK4099: PDB 'vc90.pdb' was not found with 'chai3d.lib(jcmaster.obj)' or at 'C:\Users\Darrel\Documents\Haptic_BMI_Noise_Project\Haptic_BMI_Noise_2\bin\win-Win32\vc90.pdb'; linking object as if no debug info
     1>chai3d.lib(jcomapi.obj) : warning LNK4099: PDB 'vc90.pdb' was not found with 'chai3d.lib(jcomapi.obj)' or at 'C:\Users\Darrel\Documents\Haptic_BMI_Noise_Project\Haptic_BMI_Noise_2\bin\win-Win32\vc90.pdb'; linking object as if no debug info
     1>chai3d.lib(jcparam.obj) : warning LNK4099: PDB 'vc90.pdb' was not found with 'chai3d.lib(jcparam.obj)' or at 'C:\Users\Darrel\Documents\Haptic_BMI_Noise_Project\Haptic_BMI_Noise_2\bin\win-Win32\vc90.pdb'; linking object as if no debug info
     1>chai3d.lib(jcprepct.obj) : warning LNK4099: PDB 'vc90.pdb' was not found with 'chai3d.lib(jcprepct.obj)' or at 'C:\Users\Darrel\Documents\Haptic_BMI_Noise_Project\Haptic_BMI_Noise_2\bin\win-Win32\vc90.pdb'; linking object as if no debug info
     1>chai3d.lib(jcsample.obj) : warning LNK4099: PDB 'vc90.pdb' was not found with 'chai3d.lib(jcsample.obj)' or at 'C:\Users\Darrel\Documents\Haptic_BMI_Noise_Project\Haptic_BMI_Noise_2\bin\win-Win32\vc90.pdb'; linking object as if no debug info
     1>chai3d.lib(jdapimin.obj) : warning LNK4099: PDB 'vc90.pdb' was not found with 'chai3d.lib(jdapimin.obj)' or at 'C:\Users\Darrel\Documents\Haptic_BMI_Noise_Project\Haptic_BMI_Noise_2\bin\win-Win32\vc90.pdb'; linking object as if no debug info
     1>chai3d.lib(jdapistd.obj) : warning LNK4099: PDB 'vc90.pdb' was not found with 'chai3d.lib(jdapistd.obj)' or at 'C:\Users\Darrel\Documents\Haptic_BMI_Noise_Project\Haptic_BMI_Noise_2\bin\win-Win32\vc90.pdb'; linking object as if no debug info
     1>chai3d.lib(jdarith.obj) : warning LNK4099: PDB 'vc90.pdb' was not found with 'chai3d.lib(jdarith.obj)' or at 'C:\Users\Darrel\Documents\Haptic_BMI_Noise_Project\Haptic_BMI_Noise_2\bin\win-Win32\vc90.pdb'; linking object as if no debug info
     1>chai3d.lib(jdatadst.obj) : warning LNK4099: PDB 'vc90.pdb' was not found with 'chai3d.lib(jdatadst.obj)' or at 'C:\Users\Darrel\Documents\Haptic_BMI_Noise_Project\Haptic_BMI_Noise_2\bin\win-Win32\vc90.pdb'; linking object as if no debug info
     1>chai3d.lib(jdatasrc.obj) : warning LNK4099: PDB 'vc90.pdb' was not found with 'chai3d.lib(jdatasrc.obj)' or at 'C:\Users\Darrel\Documents\Haptic_BMI_Noise_Project\Haptic_BMI_Noise_2\bin\win-Win32\vc90.pdb'; linking object as if no debug info
     1>chai3d.lib(jdcoefct.obj) : warning LNK4099: PDB 'vc90.pdb' was not found with 'chai3d.lib(jdcoefct.obj)' or at 'C:\Users\Darrel\Documents\Haptic_BMI_Noise_Project\Haptic_BMI_Noise_2\bin\win-Win32\vc90.pdb'; linking object as if no debug info
     1>chai3d.lib(jdcolor.obj) : warning LNK4099: PDB 'vc90.pdb' was not found with 'chai3d.lib(jdcolor.obj)' or at 'C:\Users\Darrel\Documents\Haptic_BMI_Noise_Project\Haptic_BMI_Noise_2\bin\win-Win32\vc90.pdb'; linking object as if no debug info
     1>chai3d.lib(jddctmgr.obj) : warning LNK4099: PDB 'vc90.pdb' was not found with 'chai3d.lib(jddctmgr.obj)' or at 'C:\Users\Darrel\Documents\Haptic_BMI_Noise_Project\Haptic_BMI_Noise_2\bin\win-Win32\vc90.pdb'; linking object as if no debug info
     1>chai3d.lib(jdhuff.obj) : warning LNK4099: PDB 'vc90.pdb' was not found with 'chai3d.lib(jdhuff.obj)' or at 'C:\Users\Darrel\Documents\Haptic_BMI_Noise_Project\Haptic_BMI_Noise_2\bin\win-Win32\vc90.pdb'; linking object as if no debug info
     1>chai3d.lib(jdinput.obj) : warning LNK4099: PDB 'vc90.pdb' was not found with 'chai3d.lib(jdinput.obj)' or at 'C:\Users\Darrel\Documents\Haptic_BMI_Noise_Project\Haptic_BMI_Noise_2\bin\win-Win32\vc90.pdb'; linking object as if no debug info
     1>chai3d.lib(jdmainct.obj) : warning LNK4099: PDB 'vc90.pdb' was not found with 'chai3d.lib(jdmainct.obj)' or at 'C:\Users\Darrel\Documents\Haptic_BMI_Noise_Project\Haptic_BMI_Noise_2\bin\win-Win32\vc90.pdb'; linking object as if no debug info
     1>chai3d.lib(jdmarker.obj) : warning LNK4099: PDB 'vc90.pdb' was not found with 'chai3d.lib(jdmarker.obj)' or at 'C:\Users\Darrel\Documents\Haptic_BMI_Noise_Project\Haptic_BMI_Noise_2\bin\win-Win32\vc90.pdb'; linking object as if no debug info
     1>chai3d.lib(jdmaster.obj) : warning LNK4099: PDB 'vc90.pdb' was not found with 'chai3d.lib(jdmaster.obj)' or at 'C:\Users\Darrel\Documents\Haptic_BMI_Noise_Project\Haptic_BMI_Noise_2\bin\win-Win32\vc90.pdb'; linking object as if no debug info
     1>chai3d.lib(jdmerge.obj) : warning LNK4099: PDB 'vc90.pdb' was not found with 'chai3d.lib(jdmerge.obj)' or at 'C:\Users\Darrel\Documents\Haptic_BMI_Noise_Project\Haptic_BMI_Noise_2\bin\win-Win32\vc90.pdb'; linking object as if no debug info
     1>chai3d.lib(jdpostct.obj) : warning LNK4099: PDB 'vc90.pdb' was not found with 'chai3d.lib(jdpostct.obj)' or at 'C:\Users\Darrel\Documents\Haptic_BMI_Noise_Project\Haptic_BMI_Noise_2\bin\win-Win32\vc90.pdb'; linking object as if no debug info
     1>chai3d.lib(jdsample.obj) : warning LNK4099: PDB 'vc90.pdb' was not found with 'chai3d.lib(jdsample.obj)' or at 'C:\Users\Darrel\Documents\Haptic_BMI_Noise_Project\Haptic_BMI_Noise_2\bin\win-Win32\vc90.pdb'; linking object as if no debug info
     1>chai3d.lib(jerror.obj) : warning LNK4099: PDB 'vc90.pdb' was not found with 'chai3d.lib(jerror.obj)' or at 'C:\Users\Darrel\Documents\Haptic_BMI_Noise_Project\Haptic_BMI_Noise_2\bin\win-Win32\vc90.pdb'; linking object as if no debug info
     1>chai3d.lib(jfdctflt.obj) : warning LNK4099: PDB 'vc90.pdb' was not found with 'chai3d.lib(jfdctflt.obj)' or at 'C:\Users\Darrel\Documents\Haptic_BMI_Noise_Project\Haptic_BMI_Noise_2\bin\win-Win32\vc90.pdb'; linking object as if no debug info
     1>chai3d.lib(jfdctfst.obj) : warning LNK4099: PDB 'vc90.pdb' was not found with 'chai3d.lib(jfdctfst.obj)' or at 'C:\Users\Darrel\Documents\Haptic_BMI_Noise_Project\Haptic_BMI_Noise_2\bin\win-Win32\vc90.pdb'; linking object as if no debug info
     1>chai3d.lib(jfdctint.obj) : warning LNK4099: PDB 'vc90.pdb' was not found with 'chai3d.lib(jfdctint.obj)' or at 'C:\Users\Darrel\Documents\Haptic_BMI_Noise_Project\Haptic_BMI_Noise_2\bin\win-Win32\vc90.pdb'; linking object as if no debug info
     1>chai3d.lib(jidctflt.obj) : warning LNK4099: PDB 'vc90.pdb' was not found with 'chai3d.lib(jidctflt.obj)' or at 'C:\Users\Darrel\Documents\Haptic_BMI_Noise_Project\Haptic_BMI_Noise_2\bin\win-Win32\vc90.pdb'; linking object as if no debug info
     1>chai3d.lib(jidctfst.obj) : warning LNK4099: PDB 'vc90.pdb' was not found with 'chai3d.lib(jidctfst.obj)' or at 'C:\Users\Darrel\Documents\Haptic_BMI_Noise_Project\Haptic_BMI_Noise_2\bin\win-Win32\vc90.pdb'; linking object as if no debug info
     1>chai3d.lib(jidctint.obj) : warning LNK4099: PDB 'vc90.pdb' was not found with 'chai3d.lib(jidctint.obj)' or at 'C:\Users\Darrel\Documents\Haptic_BMI_Noise_Project\Haptic_BMI_Noise_2\bin\win-Win32\vc90.pdb'; linking object as if no debug info
     1>chai3d.lib(jmemmgr.obj) : warning LNK4099: PDB 'vc90.pdb' was not found with 'chai3d.lib(jmemmgr.obj)' or at 'C:\Users\Darrel\Documents\Haptic_BMI_Noise_Project\Haptic_BMI_Noise_2\bin\win-Win32\vc90.pdb'; linking object as if no debug info
     1>chai3d.lib(jmemnobs.obj) : warning LNK4099: PDB 'vc90.pdb' was not found with 'chai3d.lib(jmemnobs.obj)' or at 'C:\Users\Darrel\Documents\Haptic_BMI_Noise_Project\Haptic_BMI_Noise_2\bin\win-Win32\vc90.pdb'; linking object as if no debug info
     1>chai3d.lib(jquant1.obj) : warning LNK4099: PDB 'vc90.pdb' was not found with 'chai3d.lib(jquant1.obj)' or at 'C:\Users\Darrel\Documents\Haptic_BMI_Noise_Project\Haptic_BMI_Noise_2\bin\win-Win32\vc90.pdb'; linking object as if no debug info
     1>chai3d.lib(jquant2.obj) : warning LNK4099: PDB 'vc90.pdb' was not found with 'chai3d.lib(jquant2.obj)' or at 'C:\Users\Darrel\Documents\Haptic_BMI_Noise_Project\Haptic_BMI_Noise_2\bin\win-Win32\vc90.pdb'; linking object as if no debug info
     1>chai3d.lib(jutils.obj) : warning LNK4099: PDB 'vc90.pdb' was not found with 'chai3d.lib(jutils.obj)' or at 'C:\Users\Darrel\Documents\Haptic_BMI_Noise_Project\Haptic_BMI_Noise_2\bin\win-Win32\vc90.pdb'; linking object as if no debug info
     1>chai3d.lib(adler32.obj) : warning LNK4099: PDB 'vc90.pdb' was not found with 'chai3d.lib(adler32.obj)' or at 'C:\Users\Darrel\Documents\Haptic_BMI_Noise_Project\Haptic_BMI_Noise_2\bin\win-Win32\vc90.pdb'; linking object as if no debug info
     1>chai3d.lib(crc32.obj) : warning LNK4099: PDB 'vc90.pdb' was not found with 'chai3d.lib(crc32.obj)' or at 'C:\Users\Darrel\Documents\Haptic_BMI_Noise_Project\Haptic_BMI_Noise_2\bin\win-Win32\vc90.pdb'; linking object as if no debug info
     1>chai3d.lib(deflate.obj) : warning LNK4099: PDB 'vc90.pdb' was not found with 'chai3d.lib(deflate.obj)' or at 'C:\Users\Darrel\Documents\Haptic_BMI_Noise_Project\Haptic_BMI_Noise_2\bin\win-Win32\vc90.pdb'; linking object as if no debug info
     1>chai3d.lib(inffast.obj) : warning LNK4099: PDB 'vc90.pdb' was not found with 'chai3d.lib(inffast.obj)' or at 'C:\Users\Darrel\Documents\Haptic_BMI_Noise_Project\Haptic_BMI_Noise_2\bin\win-Win32\vc90.pdb'; linking object as if no debug info
     1>chai3d.lib(inflate.obj) : warning LNK4099: PDB 'vc90.pdb' was not found with 'chai3d.lib(inflate.obj)' or at 'C:\Users\Darrel\Documents\Haptic_BMI_Noise_Project\Haptic_BMI_Noise_2\bin\win-Win32\vc90.pdb'; linking object as if no debug info
     1>chai3d.lib(inftrees.obj) : warning LNK4099: PDB 'vc90.pdb' was not found with 'chai3d.lib(inftrees.obj)' or at 'C:\Users\Darrel\Documents\Haptic_BMI_Noise_Project\Haptic_BMI_Noise_2\bin\win-Win32\vc90.pdb'; linking object as if no debug info
     1>chai3d.lib(png.obj) : warning LNK4099: PDB 'vc90.pdb' was not found with 'chai3d.lib(png.obj)' or at 'C:\Users\Darrel\Documents\Haptic_BMI_Noise_Project\Haptic_BMI_Noise_2\bin\win-Win32\vc90.pdb'; linking object as if no debug info
     1>chai3d.lib(pngerror.obj) : warning LNK4099: PDB 'vc90.pdb' was not found with 'chai3d.lib(pngerror.obj)' or at 'C:\Users\Darrel\Documents\Haptic_BMI_Noise_Project\Haptic_BMI_Noise_2\bin\win-Win32\vc90.pdb'; linking object as if no debug info
     1>chai3d.lib(pngget.obj) : warning LNK4099: PDB 'vc90.pdb' was not found with 'chai3d.lib(pngget.obj)' or at 'C:\Users\Darrel\Documents\Haptic_BMI_Noise_Project\Haptic_BMI_Noise_2\bin\win-Win32\vc90.pdb'; linking object as if no debug info
     1>chai3d.lib(pngmem.obj) : warning LNK4099: PDB 'vc90.pdb' was not found with 'chai3d.lib(pngmem.obj)' or at 'C:\Users\Darrel\Documents\Haptic_BMI_Noise_Project\Haptic_BMI_Noise_2\bin\win-Win32\vc90.pdb'; linking object as if no debug info
     1>chai3d.lib(pngread.obj) : warning LNK4099: PDB 'vc90.pdb' was not found with 'chai3d.lib(pngread.obj)' or at 'C:\Users\Darrel\Documents\Haptic_BMI_Noise_Project\Haptic_BMI_Noise_2\bin\win-Win32\vc90.pdb'; linking object as if no debug info
     1>chai3d.lib(pngrio.obj) : warning LNK4099: PDB 'vc90.pdb' was not found with 'chai3d.lib(pngrio.obj)' or at 'C:\Users\Darrel\Documents\Haptic_BMI_Noise_Project\Haptic_BMI_Noise_2\bin\win-Win32\vc90.pdb'; linking object as if no debug info
     1>chai3d.lib(pngrtran.obj) : warning LNK4099: PDB 'vc90.pdb' was not found with 'chai3d.lib(pngrtran.obj)' or at 'C:\Users\Darrel\Documents\Haptic_BMI_Noise_Project\Haptic_BMI_Noise_2\bin\win-Win32\vc90.pdb'; linking object as if no debug info
     1>chai3d.lib(pngrutil.obj) : warning LNK4099: PDB 'vc90.pdb' was not found with 'chai3d.lib(pngrutil.obj)' or at 'C:\Users\Darrel\Documents\Haptic_BMI_Noise_Project\Haptic_BMI_Noise_2\bin\win-Win32\vc90.pdb'; linking object as if no debug info
     1>chai3d.lib(pngset.obj) : warning LNK4099: PDB 'vc90.pdb' was not found with 'chai3d.lib(pngset.obj)' or at 'C:\Users\Darrel\Documents\Haptic_BMI_Noise_Project\Haptic_BMI_Noise_2\bin\win-Win32\vc90.pdb'; linking object as if no debug info
     1>chai3d.lib(pngtrans.obj) : warning LNK4099: PDB 'vc90.pdb' was not found with 'chai3d.lib(pngtrans.obj)' or at 'C:\Users\Darrel\Documents\Haptic_BMI_Noise_Project\Haptic_BMI_Noise_2\bin\win-Win32\vc90.pdb'; linking object as if no debug info
     1>chai3d.lib(pngwio.obj) : warning LNK4099: PDB 'vc90.pdb' was not found with 'chai3d.lib(pngwio.obj)' or at 'C:\Users\Darrel\Documents\Haptic_BMI_Noise_Project\Haptic_BMI_Noise_2\bin\win-Win32\vc90.pdb'; linking object as if no debug info
     1>chai3d.lib(pngwrite.obj) : warning LNK4099: PDB 'vc90.pdb' was not found with 'chai3d.lib(pngwrite.obj)' or at 'C:\Users\Darrel\Documents\Haptic_BMI_Noise_Project\Haptic_BMI_Noise_2\bin\win-Win32\vc90.pdb'; linking object as if no debug info
     1>chai3d.lib(pngwtran.obj) : warning LNK4099: PDB 'vc90.pdb' was not found with 'chai3d.lib(pngwtran.obj)' or at 'C:\Users\Darrel\Documents\Haptic_BMI_Noise_Project\Haptic_BMI_Noise_2\bin\win-Win32\vc90.pdb'; linking object as if no debug info
     1>chai3d.lib(pngwutil.obj) : warning LNK4099: PDB 'vc90.pdb' was not found with 'chai3d.lib(pngwutil.obj)' or at 'C:\Users\Darrel\Documents\Haptic_BMI_Noise_Project\Haptic_BMI_Noise_2\bin\win-Win32\vc90.pdb'; linking object as if no debug info
     1>chai3d.lib(trees.obj) : warning LNK4099: PDB 'vc90.pdb' was not found with 'chai3d.lib(trees.obj)' or at 'C:\Users\Darrel\Documents\Haptic_BMI_Noise_Project\Haptic_BMI_Noise_2\bin\win-Win32\vc90.pdb'; linking object as if no debug info
     1>chai3d.lib(zutil.obj) : warning LNK4099: PDB 'vc90.pdb' was not found with 'chai3d.lib(zutil.obj)' or at 'C:\Users\Darrel\Documents\Haptic_BMI_Noise_Project\Haptic_BMI_Noise_2\bin\win-Win32\vc90.pdb'; linking object as if no debug info
     1>chai3d.lib(CCollisionAABB.obj) : warning LNK4099: PDB 'vc90.pdb' was not found with 'chai3d.lib(CCollisionAABB.obj)' or at 'C:\Users\Darrel\Documents\Haptic_BMI_Noise_Project\Haptic_BMI_Noise_2\bin\win-Win32\vc90.pdb'; linking object as if no debug info
     1>chai3d.lib(CCollisionAABBTree.obj) : warning LNK4099: PDB 'vc90.pdb' was not found with 'chai3d.lib(CCollisionAABBTree.obj)' or at 'C:\Users\Darrel\Documents\Haptic_BMI_Noise_Project\Haptic_BMI_Noise_2\bin\win-Win32\vc90.pdb'; linking object as if no debug info
     1>chai3d.lib(CCollisionBrute.obj) : warning LNK4099: PDB 'vc90.pdb' was not found with 'chai3d.lib(CCollisionBrute.obj)' or at 'C:\Users\Darrel\Documents\Haptic_BMI_Noise_Project\Haptic_BMI_Noise_2\bin\win-Win32\vc90.pdb'; linking object as if no debug info
     1>chai3d.lib(CGenericCollision.obj) : warning LNK4099: PDB 'vc90.pdb' was not found with 'chai3d.lib(CGenericCollision.obj)' or at 'C:\Users\Darrel\Documents\Haptic_BMI_Noise_Project\Haptic_BMI_Noise_2\bin\win-Win32\vc90.pdb'; linking object as if no debug info
     1>chai3d.lib(CDeltaDevices.obj) : warning LNK4099: PDB 'vc90.pdb' was not found with 'chai3d.lib(CDeltaDevices.obj)' or at 'C:\Users\Darrel\Documents\Haptic_BMI_Noise_Project\Haptic_BMI_Noise_2\bin\win-Win32\vc90.pdb'; linking object as if no debug info
     1>chai3d.lib(CGenericDevice.obj) : warning LNK4099: PDB 'vc90.pdb' was not found with 'chai3d.lib(CGenericDevice.obj)' or at 'C:\Users\Darrel\Documents\Haptic_BMI_Noise_Project\Haptic_BMI_Noise_2\bin\win-Win32\vc90.pdb'; linking object as if no debug info
     1>chai3d.lib(CGenericHapticDevice.obj) : warning LNK4099: PDB 'vc90.pdb' was not found with 'chai3d.lib(CGenericHapticDevice.obj)' or at 'C:\Users\Darrel\Documents\Haptic_BMI_Noise_Project\Haptic_BMI_Noise_2\bin\win-Win32\vc90.pdb'; linking object as if no debug info
     1>chai3d.lib(CHapticDeviceHandler.obj) : warning LNK4099: PDB 'vc90.pdb' was not found with 'chai3d.lib(CHapticDeviceHandler.obj)' or at 'C:\Users\Darrel\Documents\Haptic_BMI_Noise_Project\Haptic_BMI_Noise_2\bin\win-Win32\vc90.pdb'; linking object as if no debug info
     1>chai3d.lib(CMyCustomDevice.obj) : warning LNK4099: PDB 'vc90.pdb' was not found with 'chai3d.lib(CMyCustomDevice.obj)' or at 'C:\Users\Darrel\Documents\Haptic_BMI_Noise_Project\Haptic_BMI_Noise_2\bin\win-Win32\vc90.pdb'; linking object as if no debug info
     1>chai3d.lib(CPhantomDevices.obj) : warning LNK4099: PDB 'vc90.pdb' was not found with 'chai3d.lib(CPhantomDevices.obj)' or at 'C:\Users\Darrel\Documents\Haptic_BMI_Noise_Project\Haptic_BMI_Noise_2\bin\win-Win32\vc90.pdb'; linking object as if no debug info
     1>chai3d.lib(CCamera.obj) : warning LNK4099: PDB 'vc90.pdb' was not found with 'chai3d.lib(CCamera.obj)' or at 'C:\Users\Darrel\Documents\Haptic_BMI_Noise_Project\Haptic_BMI_Noise_2\bin\win-Win32\vc90.pdb'; linking object as if no debug info
     1>chai3d.lib(CEffectMagnet.obj) : warning LNK4099: PDB 'vc90.pdb' was not found with 'chai3d.lib(CEffectMagnet.obj)' or at 'C:\Users\Darrel\Documents\Haptic_BMI_Noise_Project\Haptic_BMI_Noise_2\bin\win-Win32\vc90.pdb'; linking object as if no debug info
     1>chai3d.lib(CEffectStickSlip.obj) : warning LNK4099: PDB 'vc90.pdb' was not found with 'chai3d.lib(CEffectStickSlip.obj)' or at 'C:\Users\Darrel\Documents\Haptic_BMI_Noise_Project\Haptic_BMI_Noise_2\bin\win-Win32\vc90.pdb'; linking object as if no debug info
     1>chai3d.lib(CEffectSurface.obj) : warning LNK4099: PDB 'vc90.pdb' was not found with 'chai3d.lib(CEffectSurface.obj)' or at 'C:\Users\Darrel\Documents\Haptic_BMI_Noise_Project\Haptic_BMI_Noise_2\bin\win-Win32\vc90.pdb'; linking object as if no debug info
     1>chai3d.lib(CEffectVibration.obj) : warning LNK4099: PDB 'vc90.pdb' was not found with 'chai3d.lib(CEffectVibration.obj)' or at 'C:\Users\Darrel\Documents\Haptic_BMI_Noise_Project\Haptic_BMI_Noise_2\bin\win-Win32\vc90.pdb'; linking object as if no debug info
     1>chai3d.lib(CEffectViscosity.obj) : warning LNK4099: PDB 'vc90.pdb' was not found with 'chai3d.lib(CEffectViscosity.obj)' or at 'C:\Users\Darrel\Documents\Haptic_BMI_Noise_Project\Haptic_BMI_Noise_2\bin\win-Win32\vc90.pdb'; linking object as if no debug info
     1>chai3d.lib(CGenericEffect.obj) : warning LNK4099: PDB 'vc90.pdb' was not found with 'chai3d.lib(CGenericEffect.obj)' or at 'C:\Users\Darrel\Documents\Haptic_BMI_Noise_Project\Haptic_BMI_Noise_2\bin\win-Win32\vc90.pdb'; linking object as if no debug info
     1>chai3d.lib(CFileImageBMP.obj) : warning LNK4099: PDB 'vc90.pdb' was not found with 'chai3d.lib(CFileImageBMP.obj)' or at 'C:\Users\Darrel\Documents\Haptic_BMI_Noise_Project\Haptic_BMI_Noise_2\bin\win-Win32\vc90.pdb'; linking object as if no debug info
     1>chai3d.lib(CFileImageGIF.obj) : warning LNK4099: PDB 'vc90.pdb' was not found with 'chai3d.lib(CFileImageGIF.obj)' or at 'C:\Users\Darrel\Documents\Haptic_BMI_Noise_Project\Haptic_BMI_Noise_2\bin\win-Win32\vc90.pdb'; linking object as if no debug info
     1>chai3d.lib(CFileImageJPG.obj) : warning LNK4099: PDB 'vc90.pdb' was not found with 'chai3d.lib(CFileImageJPG.obj)' or at 'C:\Users\Darrel\Documents\Haptic_BMI_Noise_Project\Haptic_BMI_Noise_2\bin\win-Win32\vc90.pdb'; linking object as if no debug info
     1>chai3d.lib(CFileImagePNG.obj) : warning LNK4099: PDB 'vc90.pdb' was not found with 'chai3d.lib(CFileImagePNG.obj)' or at 'C:\Users\Darrel\Documents\Haptic_BMI_Noise_Project\Haptic_BMI_Noise_2\bin\win-Win32\vc90.pdb'; linking object as if no debug info
     1>chai3d.lib(CFileImagePPM.obj) : warning LNK4099: PDB 'vc90.pdb' was not found with 'chai3d.lib(CFileImagePPM.obj)' or at 'C:\Users\Darrel\Documents\Haptic_BMI_Noise_Project\Haptic_BMI_Noise_2\bin\win-Win32\vc90.pdb'; linking object as if no debug info
     1>chai3d.lib(CFileImageRAW.obj) : warning LNK4099: PDB 'vc90.pdb' was not found with 'chai3d.lib(CFileImageRAW.obj)' or at 'C:\Users\Darrel\Documents\Haptic_BMI_Noise_Project\Haptic_BMI_Noise_2\bin\win-Win32\vc90.pdb'; linking object as if no debug info
     1>chai3d.lib(CFileModel3DS.obj) : warning LNK4099: PDB 'vc90.pdb' was not found with 'chai3d.lib(CFileModel3DS.obj)' or at 'C:\Users\Darrel\Documents\Haptic_BMI_Noise_Project\Haptic_BMI_Noise_2\bin\win-Win32\vc90.pdb'; linking object as if no debug info
     1>chai3d.lib(CFileModelOBJ.obj) : warning LNK4099: PDB 'vc90.pdb' was not found with 'chai3d.lib(CFileModelOBJ.obj)' or at 'C:\Users\Darrel\Documents\Haptic_BMI_Noise_Project\Haptic_BMI_Noise_2\bin\win-Win32\vc90.pdb'; linking object as if no debug info
     1>chai3d.lib(CAlgorithmFingerProxy.obj) : warning LNK4099: PDB 'vc90.pdb' was not found with 'chai3d.lib(CAlgorithmFingerProxy.obj)' or at 'C:\Users\Darrel\Documents\Haptic_BMI_Noise_Project\Haptic_BMI_Noise_2\bin\win-Win32\vc90.pdb'; linking object as if no debug info
     1>chai3d.lib(CAlgorithmPotentialField.obj) : warning LNK4099: PDB 'vc90.pdb' was not found with 'chai3d.lib(CAlgorithmPotentialField.obj)' or at 'C:\Users\Darrel\Documents\Haptic_BMI_Noise_Project\Haptic_BMI_Noise_2\bin\win-Win32\vc90.pdb'; linking object as if no debug info
     1>chai3d.lib(CGenericForceAlgorithm.obj) : warning LNK4099: PDB 'vc90.pdb' was not found with 'chai3d.lib(CGenericForceAlgorithm.obj)' or at 'C:\Users\Darrel\Documents\Haptic_BMI_Noise_Project\Haptic_BMI_Noise_2\bin\win-Win32\vc90.pdb'; linking object as if no debug info
     1>chai3d.lib(CColor.obj) : warning LNK4099: PDB 'vc90.pdb' was not found with 'chai3d.lib(CColor.obj)' or at 'C:\Users\Darrel\Documents\Haptic_BMI_Noise_Project\Haptic_BMI_Noise_2\bin\win-Win32\vc90.pdb'; linking object as if no debug info
     1>chai3d.lib(CDisplayList.obj) : warning LNK4099: PDB 'vc90.pdb' was not found with 'chai3d.lib(CDisplayList.obj)' or at 'C:\Users\Darrel\Documents\Haptic_BMI_Noise_Project\Haptic_BMI_Noise_2\bin\win-Win32\vc90.pdb'; linking object as if no debug info
     1>chai3d.lib(CDraw3D.obj) : warning LNK4099: PDB 'vc90.pdb' was not found with 'chai3d.lib(CDraw3D.obj)' or at 'C:\Users\Darrel\Documents\Haptic_BMI_Noise_Project\Haptic_BMI_Noise_2\bin\win-Win32\vc90.pdb'; linking object as if no debug info
     1>chai3d.lib(CFog.obj) : warning LNK4099: PDB 'vc90.pdb' was not found with 'chai3d.lib(CFog.obj)' or at 'C:\Users\Darrel\Documents\Haptic_BMI_Noise_Project\Haptic_BMI_Noise_2\bin\win-Win32\vc90.pdb'; linking object as if no debug info
     1>chai3d.lib(CFont.obj) : warning LNK4099: PDB 'vc90.pdb' was not found with 'chai3d.lib(CFont.obj)' or at 'C:\Users\Darrel\Documents\Haptic_BMI_Noise_Project\Haptic_BMI_Noise_2\bin\win-Win32\vc90.pdb'; linking object as if no debug info
     1>chai3d.lib(CImage.obj) : warning LNK4099: PDB 'vc90.pdb' was not found with 'chai3d.lib(CImage.obj)' or at 'C:\Users\Darrel\Documents\Haptic_BMI_Noise_Project\Haptic_BMI_Noise_2\bin\win-Win32\vc90.pdb'; linking object as if no debug info
     1>chai3d.lib(CPrimitives.obj) : warning LNK4099: PDB 'vc90.pdb' was not found with 'chai3d.lib(CPrimitives.obj)' or at 'C:\Users\Darrel\Documents\Haptic_BMI_Noise_Project\Haptic_BMI_Noise_2\bin\win-Win32\vc90.pdb'; linking object as if no debug info
     1>chai3d.lib(CTriangleArray.obj) : warning LNK4099: PDB 'vc90.pdb' was not found with 'chai3d.lib(CTriangleArray.obj)' or at 'C:\Users\Darrel\Documents\Haptic_BMI_Noise_Project\Haptic_BMI_Noise_2\bin\win-Win32\vc90.pdb'; linking object as if no debug info
     1>chai3d.lib(CDirectionalLight.obj) : warning LNK4099: PDB 'vc90.pdb' was not found with 'chai3d.lib(CDirectionalLight.obj)' or at 'C:\Users\Darrel\Documents\Haptic_BMI_Noise_Project\Haptic_BMI_Noise_2\bin\win-Win32\vc90.pdb'; linking object as if no debug info
     1>chai3d.lib(CGenericLight.obj) : warning LNK4099: PDB 'vc90.pdb' was not found with 'chai3d.lib(CGenericLight.obj)' or at 'C:\Users\Darrel\Documents\Haptic_BMI_Noise_Project\Haptic_BMI_Noise_2\bin\win-Win32\vc90.pdb'; linking object as if no debug info
     1>chai3d.lib(CPositionalLight.obj) : warning LNK4099: PDB 'vc90.pdb' was not found with 'chai3d.lib(CPositionalLight.obj)' or at 'C:\Users\Darrel\Documents\Haptic_BMI_Noise_Project\Haptic_BMI_Noise_2\bin\win-Win32\vc90.pdb'; linking object as if no debug info
     1>chai3d.lib(CShadowMap.obj) : warning LNK4099: PDB 'vc90.pdb' was not found with 'chai3d.lib(CShadowMap.obj)' or at 'C:\Users\Darrel\Documents\Haptic_BMI_Noise_Project\Haptic_BMI_Noise_2\bin\win-Win32\vc90.pdb'; linking object as if no debug info
     1>chai3d.lib(CSpotLight.obj) : warning LNK4099: PDB 'vc90.pdb' was not found with 'chai3d.lib(CSpotLight.obj)' or at 'C:\Users\Darrel\Documents\Haptic_BMI_Noise_Project\Haptic_BMI_Noise_2\bin\win-Win32\vc90.pdb'; linking object as if no debug info
     1>chai3d.lib(CMaterial.obj) : warning LNK4099: PDB 'vc90.pdb' was not found with 'chai3d.lib(CMaterial.obj)' or at 'C:\Users\Darrel\Documents\Haptic_BMI_Noise_Project\Haptic_BMI_Noise_2\bin\win-Win32\vc90.pdb'; linking object as if no debug info
     1>chai3d.lib(CTexture1d.obj) : warning LNK4099: PDB 'vc90.pdb' was not found with 'chai3d.lib(CTexture1d.obj)' or at 'C:\Users\Darrel\Documents\Haptic_BMI_Noise_Project\Haptic_BMI_Noise_2\bin\win-Win32\vc90.pdb'; linking object as if no debug info
     1>chai3d.lib(CTexture2d.obj) : warning LNK4099: PDB 'vc90.pdb' was not found with 'chai3d.lib(CTexture2d.obj)' or at 'C:\Users\Darrel\Documents\Haptic_BMI_Noise_Project\Haptic_BMI_Noise_2\bin\win-Win32\vc90.pdb'; linking object as if no debug info
     1>chai3d.lib(CShader.obj) : warning LNK4099: PDB 'vc90.pdb' was not found with 'chai3d.lib(CShader.obj)' or at 'C:\Users\Darrel\Documents\Haptic_BMI_Noise_Project\Haptic_BMI_Noise_2\bin\win-Win32\vc90.pdb'; linking object as if no debug info
     1>chai3d.lib(CShaderProgram.obj) : warning LNK4099: PDB 'vc90.pdb' was not found with 'chai3d.lib(CShaderProgram.obj)' or at 'C:\Users\Darrel\Documents\Haptic_BMI_Noise_Project\Haptic_BMI_Noise_2\bin\win-Win32\vc90.pdb'; linking object as if no debug info
     1>chai3d.lib(CGlobals.obj) : warning LNK4099: PDB 'vc90.pdb' was not found with 'chai3d.lib(CGlobals.obj)' or at 'C:\Users\Darrel\Documents\Haptic_BMI_Noise_Project\Haptic_BMI_Noise_2\bin\win-Win32\vc90.pdb'; linking object as if no debug info
     1>chai3d.lib(CString.obj) : warning LNK4099: PDB 'vc90.pdb' was not found with 'chai3d.lib(CString.obj)' or at 'C:\Users\Darrel\Documents\Haptic_BMI_Noise_Project\Haptic_BMI_Noise_2\bin\win-Win32\vc90.pdb'; linking object as if no debug info
     1>chai3d.lib(CThread.obj) : warning LNK4099: PDB 'vc90.pdb' was not found with 'chai3d.lib(CThread.obj)' or at 'C:\Users\Darrel\Documents\Haptic_BMI_Noise_Project\Haptic_BMI_Noise_2\bin\win-Win32\vc90.pdb'; linking object as if no debug info
     1>chai3d.lib(CFrequencyCounter.obj) : warning LNK4099: PDB 'vc90.pdb' was not found with 'chai3d.lib(CFrequencyCounter.obj)' or at 'C:\Users\Darrel\Documents\Haptic_BMI_Noise_Project\Haptic_BMI_Noise_2\bin\win-Win32\vc90.pdb'; linking object as if no debug info
     1>chai3d.lib(CPrecisionClock.obj) : warning LNK4099: PDB 'vc90.pdb' was not found with 'chai3d.lib(CPrecisionClock.obj)' or at 'C:\Users\Darrel\Documents\Haptic_BMI_Noise_Project\Haptic_BMI_Noise_2\bin\win-Win32\vc90.pdb'; linking object as if no debug info
     1>chai3d.lib(CGenericWidget.obj) : warning LNK4099: PDB 'vc90.pdb' was not found with 'chai3d.lib(CGenericWidget.obj)' or at 'C:\Users\Darrel\Documents\Haptic_BMI_Noise_Project\Haptic_BMI_Noise_2\bin\win-Win32\vc90.pdb'; linking object as if no debug info
     1>chai3d.lib(CLabel.obj) : warning LNK4099: PDB 'vc90.pdb' was not found with 'chai3d.lib(CLabel.obj)' or at 'C:\Users\Darrel\Documents\Haptic_BMI_Noise_Project\Haptic_BMI_Noise_2\bin\win-Win32\vc90.pdb'; linking object as if no debug info
     1>chai3d.lib(CPanel.obj) : warning LNK4099: PDB 'vc90.pdb' was not found with 'chai3d.lib(CPanel.obj)' or at 'C:\Users\Darrel\Documents\Haptic_BMI_Noise_Project\Haptic_BMI_Noise_2\bin\win-Win32\vc90.pdb'; linking object as if no debug info
     1>chai3d.lib(CGenericObject.obj) : warning LNK4099: PDB 'vc90.pdb' was not found with 'chai3d.lib(CGenericObject.obj)' or at 'C:\Users\Darrel\Documents\Haptic_BMI_Noise_Project\Haptic_BMI_Noise_2\bin\win-Win32\vc90.pdb'; linking object as if no debug info
     1>chai3d.lib(CMesh.obj) : warning LNK4099: PDB 'vc90.pdb' was not found with 'chai3d.lib(CMesh.obj)' or at 'C:\Users\Darrel\Documents\Haptic_BMI_Noise_Project\Haptic_BMI_Noise_2\bin\win-Win32\vc90.pdb'; linking object as if no debug info
     1>chai3d.lib(CMultiMesh.obj) : warning LNK4099: PDB 'vc90.pdb' was not found with 'chai3d.lib(CMultiMesh.obj)' or at 'C:\Users\Darrel\Documents\Haptic_BMI_Noise_Project\Haptic_BMI_Noise_2\bin\win-Win32\vc90.pdb'; linking object as if no debug info
     1>chai3d.lib(CShapeSphere.obj) : warning LNK4099: PDB 'vc90.pdb' was not found with 'chai3d.lib(CShapeSphere.obj)' or at 'C:\Users\Darrel\Documents\Haptic_BMI_Noise_Project\Haptic_BMI_Noise_2\bin\win-Win32\vc90.pdb'; linking object as if no debug info
     1>chai3d.lib(CWorld.obj) : warning LNK4099: PDB 'vc90.pdb' was not found with 'chai3d.lib(CWorld.obj)' or at 'C:\Users\Darrel\Documents\Haptic_BMI_Noise_Project\Haptic_BMI_Noise_2\bin\win-Win32\vc90.pdb'; linking object as if no debug info
     1>freeglut.lib(freeglut_callbacks.obj) : warning LNK4099: PDB 'vc100.pdb' was not found with 'freeglut.lib(freeglut_callbacks.obj)' or at 'C:\Users\Darrel\Documents\Haptic_BMI_Noise_Project\Haptic_BMI_Noise_2\bin\win-Win32\vc100.pdb'; linking object as if no debug info
     1>freeglut.lib(freeglut_cursor.obj) : warning LNK4099: PDB 'vc100.pdb' was not found with 'freeglut.lib(freeglut_cursor.obj)' or at 'C:\Users\Darrel\Documents\Haptic_BMI_Noise_Project\Haptic_BMI_Noise_2\bin\win-Win32\vc100.pdb'; linking object as if no debug info
     1>freeglut.lib(freeglut_display.obj) : warning LNK4099: PDB 'vc100.pdb' was not found with 'freeglut.lib(freeglut_display.obj)' or at 'C:\Users\Darrel\Documents\Haptic_BMI_Noise_Project\Haptic_BMI_Noise_2\bin\win-Win32\vc100.pdb'; linking object as if no debug info
     1>freeglut.lib(freeglut_font.obj) : warning LNK4099: PDB 'vc100.pdb' was not found with 'freeglut.lib(freeglut_font.obj)' or at 'C:\Users\Darrel\Documents\Haptic_BMI_Noise_Project\Haptic_BMI_Noise_2\bin\win-Win32\vc100.pdb'; linking object as if no debug info
     1>freeglut.lib(freeglut_font_data.obj) : warning LNK4099: PDB 'vc100.pdb' was not found with 'freeglut.lib(freeglut_font_data.obj)' or at 'C:\Users\Darrel\Documents\Haptic_BMI_Noise_Project\Haptic_BMI_Noise_2\bin\win-Win32\vc100.pdb'; linking object as if no debug info
     1>freeglut.lib(freeglut_init.obj) : warning LNK4099: PDB 'vc100.pdb' was not found with 'freeglut.lib(freeglut_init.obj)' or at 'C:\Users\Darrel\Documents\Haptic_BMI_Noise_Project\Haptic_BMI_Noise_2\bin\win-Win32\vc100.pdb'; linking object as if no debug info
     1>freeglut.lib(freeglut_input_devices.obj) : warning LNK4099: PDB 'vc100.pdb' was not found with 'freeglut.lib(freeglut_input_devices.obj)' or at 'C:\Users\Darrel\Documents\Haptic_BMI_Noise_Project\Haptic_BMI_Noise_2\bin\win-Win32\vc100.pdb'; linking object as if no debug info
     1>freeglut.lib(freeglut_joystick.obj) : warning LNK4099: PDB 'vc100.pdb' was not found with 'freeglut.lib(freeglut_joystick.obj)' or at 'C:\Users\Darrel\Documents\Haptic_BMI_Noise_Project\Haptic_BMI_Noise_2\bin\win-Win32\vc100.pdb'; linking object as if no debug info
     1>freeglut.lib(freeglut_main.obj) : warning LNK4099: PDB 'vc100.pdb' was not found with 'freeglut.lib(freeglut_main.obj)' or at 'C:\Users\Darrel\Documents\Haptic_BMI_Noise_Project\Haptic_BMI_Noise_2\bin\win-Win32\vc100.pdb'; linking object as if no debug info
     1>freeglut.lib(freeglut_menu.obj) : warning LNK4099: PDB 'vc100.pdb' was not found with 'freeglut.lib(freeglut_menu.obj)' or at 'C:\Users\Darrel\Documents\Haptic_BMI_Noise_Project\Haptic_BMI_Noise_2\bin\win-Win32\vc100.pdb'; linking object as if no debug info
     1>freeglut.lib(freeglut_spaceball.obj) : warning LNK4099: PDB 'vc100.pdb' was not found with 'freeglut.lib(freeglut_spaceball.obj)' or at 'C:\Users\Darrel\Documents\Haptic_BMI_Noise_Project\Haptic_BMI_Noise_2\bin\win-Win32\vc100.pdb'; linking object as if no debug info
     1>freeglut.lib(freeglut_state.obj) : warning LNK4099: PDB 'vc100.pdb' was not found with 'freeglut.lib(freeglut_state.obj)' or at 'C:\Users\Darrel\Documents\Haptic_BMI_Noise_Project\Haptic_BMI_Noise_2\bin\win-Win32\vc100.pdb'; linking object as if no debug info
     1>freeglut.lib(freeglut_stroke_mono_roman.obj) : warning LNK4099: PDB 'vc100.pdb' was not found with 'freeglut.lib(freeglut_stroke_mono_roman.obj)' or at 'C:\Users\Darrel\Documents\Haptic_BMI_Noise_Project\Haptic_BMI_Noise_2\bin\win-Win32\vc100.pdb'; linking object as if no debug info
     1>freeglut.lib(freeglut_stroke_roman.obj) : warning LNK4099: PDB 'vc100.pdb' was not found with 'freeglut.lib(freeglut_stroke_roman.obj)' or at 'C:\Users\Darrel\Documents\Haptic_BMI_Noise_Project\Haptic_BMI_Noise_2\bin\win-Win32\vc100.pdb'; linking object as if no debug info
     1>freeglut.lib(freeglut_structure.obj) : warning LNK4099: PDB 'vc100.pdb' was not found with 'freeglut.lib(freeglut_structure.obj)' or at 'C:\Users\Darrel\Documents\Haptic_BMI_Noise_Project\Haptic_BMI_Noise_2\bin\win-Win32\vc100.pdb'; linking object as if no debug info
     1>freeglut.lib(freeglut_window.obj) : warning LNK4099: PDB 'vc100.pdb' was not found with 'freeglut.lib(freeglut_window.obj)' or at 'C:\Users\Darrel\Documents\Haptic_BMI_Noise_Project\Haptic_BMI_Noise_2\bin\win-Win32\vc100.pdb'; linking object as if no debug info
         Project_2.vcxproj -> C:\Users\Darrel\Documents\Haptic_BMI_Noise_Project\Haptic_BMI_Noise_2\Project_2\Project_2\../../bin/win-Win32\Project_2.exe
       Manifest:
         C:\Program Files (x86)\Microsoft SDKs\Windows\v7.0A\bin\mt.exe /nologo /verbose /outputresource:"../../bin/win-Win32\Project_2.exe;#1" /manifest Debug\Project_2.exe.intermediate.manifest
       FinalizeBuildStatus:
         Deleting file "Debug\Project_2.unsuccessfulbuild".
         Touching "Debug\Project_2.lastbuildstate".
     1>Done Building Project "C:\Users\Darrel\Documents\Haptic_BMI_Noise_Project\Haptic_BMI_Noise_2\Project_2\Project_2\Project_2.vcxproj" (build target(s)).

Build succeeded.

Time Elapsed 00:00:05.14
